2024-03-23 13:19:06 INFO  BaseTest:16 - config is loaded
2024-03-23 13:20:04 INFO  BaseTest:23 - chrome browser is launched successfully
2024-03-23 13:20:05 INFO  BaseTest:25 - browser is maximized
2024-03-23 13:20:19 INFO  BaseTest:27 - url https://amazon.in is launched
2024-03-23 13:20:34 INFO  HomePageObjects:40 - searchbox element is visible
2024-03-23 13:20:34 INFO  HomePageObjects:42 - searchbox element is cleared
2024-03-23 13:20:35 INFO  HomePageAction:20 - product is set search bar
2024-03-23 13:20:35 INFO  HomePageObjects:53 - search icon element is clickable
2024-03-23 13:20:48 INFO  HomePageAction:22 - clicked on search icon
2024-03-23 13:20:49 INFO  HomePageObjects:67 - searched item elementlist is displayed as 22
2024-03-23 13:20:49 INFO  HomePageObjects:67 - searched item elementlist is displayed as 22
2024-03-23 13:20:49 INFO  HomePageValidation:17 - product item is displayed as 22
2024-03-23 13:20:49 INFO  HomePageAction:27 - select the  searched product
2024-03-23 13:20:49 INFO  HomePageObjects:81 - item element is visible
2024-03-23 13:20:49 INFO  HomePageObjects:84 - item element is clickable
2024-03-23 13:20:51 INFO  HomePageValidation:29 - product page is displayed as
2024-03-23 13:20:51 INFO  ProductPageAction:19 - amazon icon element is clickable
2024-03-23 13:20:51 INFO  ProductPageObjects:43 - focus moved to child window
2024-03-23 13:20:59 INFO  ProductPageObjects:45 - product price elemt is present
2024-03-23 13:21:00 INFO  ProductPageObjects:47 - save the product price as 2,900
2024-03-23 13:21:44 INFO  AddCartPageAction:21 - AddToCart button is clicked
2024-03-23 13:22:18 INFO  AddCartPageAction:26 - Cart button is clicked
2024-03-23 13:22:21 INFO  AddCartPageAction:30 - Delete link is clicked
2024-03-23 13:22:22 INFO  HomePageObjects:40 - searchbox element is visible
2024-03-23 13:22:23 INFO  HomePageObjects:42 - searchbox element is cleared
2024-03-23 13:22:24 INFO  HomePageAction:20 - product is set search bar
2024-03-23 13:22:24 INFO  HomePageObjects:53 - search icon element is clickable
2024-03-23 13:22:35 INFO  HomePageAction:22 - clicked on search icon
2024-03-23 13:22:36 INFO  HomePageObjects:67 - searched item elementlist is displayed as 22
2024-03-23 13:22:36 INFO  HomePageObjects:67 - searched item elementlist is displayed as 22
2024-03-23 13:22:36 INFO  HomePageValidation:17 - product item is displayed as 22
2024-03-23 13:22:36 INFO  HomePageAction:27 - select the  searched product
2024-03-23 13:22:36 INFO  HomePageObjects:81 - item element is visible
2024-03-23 13:22:36 INFO  HomePageObjects:84 - item element is clickable
2024-03-23 13:22:38 INFO  HomePageValidation:29 - product page is displayed as
2024-03-23 13:22:38 INFO  ProductPageAction:19 - amazon icon element is clickable
2024-03-23 13:22:43 INFO  ProductPageObjects:43 - focus moved to child window
2024-03-23 13:22:54 INFO  ProductPageObjects:45 - product price elemt is present
2024-03-23 13:22:55 INFO  ProductPageObjects:47 - save the product price as 1,15,900
2024-03-23 13:23:41 INFO  AddCartPageAction:21 - AddToCart button is clicked
2024-03-23 13:23:45 INFO  AddCartPageAction:26 - Cart button is clicked
2024-03-23 13:23:45 INFO  AddCartPageAction:30 - Delete link is clicked
2024-03-23 13:23:46 INFO  HomePageObjects:40 - searchbox element is visible
2024-03-23 13:23:46 INFO  HomePageObjects:42 - searchbox element is cleared
2024-03-23 13:23:46 INFO  HomePageAction:20 - product is set search bar
2024-03-23 13:23:46 INFO  HomePageObjects:53 - search icon element is clickable
2024-03-23 13:23:52 INFO  HomePageAction:22 - clicked on search icon
2024-03-23 13:23:52 INFO  HomePageObjects:67 - searched item elementlist is displayed as 22
2024-03-23 13:23:52 INFO  HomePageObjects:67 - searched item elementlist is displayed as 22
2024-03-23 13:23:52 INFO  HomePageValidation:17 - product item is displayed as 22
2024-03-23 13:23:52 INFO  HomePageAction:27 - select the  searched product
2024-03-23 13:23:52 INFO  HomePageObjects:81 - item element is visible
2024-03-23 13:23:52 INFO  HomePageObjects:84 - item element is clickable
2024-03-23 13:23:59 INFO  HomePageValidation:29 - product page is displayed as
2024-03-23 13:23:59 INFO  ProductPageAction:19 - amazon icon element is clickable
2024-03-23 13:24:00 INFO  ProductPageObjects:43 - focus moved to child window
2024-03-23 13:24:13 INFO  ProductPageObjects:45 - product price elemt is present
2024-03-23 13:24:13 INFO  ProductPageObjects:47 - save the product price as 5,990
2024-03-23 13:25:02 INFO  AddCartPageAction:21 - AddToCart button is clicked
2024-03-23 13:25:06 INFO  AddCartPageAction:26 - Cart button is clicked
2024-03-23 13:25:06 INFO  HomePageObjects:96 - amazon icon element is clickable
2024-03-23 13:25:11 INFO  HomePageValidation:22 - home page is displayed
2024-03-23 13:25:11 INFO  HomePageObjects:40 - searchbox element is visible
2024-03-23 13:25:11 INFO  HomePageObjects:42 - searchbox element is cleared
2024-03-23 13:25:12 INFO  HomePageAction:20 - product is set search bar
2024-03-23 13:25:12 INFO  HomePageObjects:53 - search icon element is clickable
2024-03-23 13:25:16 INFO  HomePageAction:22 - clicked on search icon
2024-03-23 13:25:16 INFO  HomePageObjects:67 - searched item elementlist is displayed as 22
2024-03-23 13:25:16 INFO  HomePageObjects:67 - searched item elementlist is displayed as 22
2024-03-23 13:25:16 INFO  HomePageValidation:17 - product item is displayed as 22
2024-03-23 13:25:16 INFO  HomePageAction:27 - select the  searched product
2024-03-23 13:25:16 INFO  HomePageObjects:81 - item element is visible
2024-03-23 13:25:17 INFO  HomePageObjects:84 - item element is clickable
2024-03-23 13:25:18 INFO  HomePageValidation:29 - product page is displayed as
2024-03-23 13:25:18 INFO  ProductPageAction:19 - amazon icon element is clickable
2024-03-23 13:25:20 INFO  ProductPageObjects:43 - focus moved to child window
2024-03-23 13:25:30 INFO  ProductPageObjects:45 - product price elemt is present
2024-03-23 13:25:30 INFO  ProductPageObjects:47 - save the product price as 2,999
2024-03-23 13:25:48 INFO  AddCartPageAction:21 - AddToCart button is clicked
2024-03-23 13:25:52 INFO  AddCartPageAction:26 - Cart button is clicked
2024-03-23 13:25:53 INFO  AddCartPageAction:30 - Delete link is clicked
2024-03-23 13:26:38 INFO  BaseTest:34 - cleaning up browser session
